nohup: ignoring input
Starting on 4202
[0mGET / [32m200 [0m9.810 ms - 2987[0m
[0mGET /stylesheets/style.css [36m304 [0m2.129 ms - -[0m
[0mGET /javascripts/app.js [36m304 [0m0.716 ms - -[0m
[0mGET /LAUGHTRACK.ogg [36m304 [0m0.345 ms - -[0m
In Pokemon
[0mGET /pokemon [36m304 [0m4.016 ms - -[0m
[0mGET /LAUGHTRACK.ogg [36m304 [0m0.208 ms - -[0m
[0mGET / [32m200 [0m1.298 ms - 2987[0m
[0mGET /javascripts/app.js [36m304 [0m0.306 ms - -[0m
[0mGET /stylesheets/style.css [36m304 [0m0.210 ms - -[0m
[0mGET /LAUGHTRACK.ogg [36m304 [0m0.304 ms - -[0m
In Pokemon
[0mGET /pokemon [36m304 [0m0.966 ms - -[0m
[0mGET / [32m200 [0m0.516 ms - 2987[0m
[0mGET /javascripts/app.js [32m200 [0m0.908 ms - 1414[0m
[0mGET /stylesheets/style.css [32m200 [0m0.636 ms - 455[0m
In Pokemon
[0mGET /pokemon [32m200 [0m0.469 ms - 337[0m
[0mGET /LAUGHTRACK.ogg [32m206 [0m1.328 ms - 317473[0m
[0mGET /LAUGHTRACK.ogg [32m206 [0m0.488 ms - 88097[0m
In Pokemon Post
{ avatarUrl: 'this class' }
[0mPOST /pokemon [32m200 [0m17.790 ms - -[0m
[0mGET / [36m304 [0m0.634 ms - -[0m
[0mGET /javascripts/app.js [36m304 [0m2.427 ms - -[0m
[0mGET /stylesheets/style.css [36m304 [0m2.480 ms - -[0m
[0mGET /LAUGHTRACK.ogg [36m304 [0m0.299 ms - -[0m
In Pokemon
[0mGET /pokemon [32m200 [0m0.371 ms - 364[0m
[0mGET /LAUGHTRACK.ogg [32m206 [0m0.454 ms - 187392[0m
[0mGET /stylesheets/style.css [36m304 [0m0.341 ms - -[0m
[0mGET / [36m304 [0m0.310 ms - -[0m
In Pokemon Post
{ avatarUrl: 'Today I found out I am broke... I don\'t want a lot, I just want a little to afford those finer things in life I see other folks have -- you know, like food.' }
[0mPOST /pokemon [32m200 [0m0.872 ms - -[0m
[0mGET /javascripts/app.js [36m304 [0m0.221 ms - -[0m
[0mGET /stylesheets/style.css [36m304 [0m0.884 ms - -[0m
[0mGET /LAUGHTRACK.ogg [36m304 [0m0.293 ms - -[0m
In Pokemon
[0mGET /pokemon [32m200 [0m1.346 ms - 537[0m
[0mGET /LAUGHTRACK.ogg [36m304 [0m1.050 ms - -[0m
[0mGET /LAUGHTRACK.ogg [36m304 [0m0.566 ms - -[0m
